0 info it worked if it ends with ok
1 verbose cli [ 'C:\\Program Files\\nodejs\\node.exe',
1 verbose cli   'C:\\Program Files\\nodejs\\node_modules\\npm\\bin\\npm-cli.js',
1 verbose cli   'install',
1 verbose cli   'angular@1.5.6' ]
2 info using npm@3.10.9
3 info using node@v6.9.2
4 silly loadCurrentTree Starting
5 silly install loadCurrentTree
6 silly install readLocalPackageData
7 silly fetchPackageMetaData angular@1.5.6
8 silly fetchNamedPackageData angular
9 silly mapToRegistry name angular
10 silly mapToRegistry using default registry
11 silly mapToRegistry registry https://registry.npmjs.org/
12 silly mapToRegistry data Result {
12 silly mapToRegistry   raw: 'angular',
12 silly mapToRegistry   scope: null,
12 silly mapToRegistry   escapedName: 'angular',
12 silly mapToRegistry   name: 'angular',
12 silly mapToRegistry   rawSpec: '',
12 silly mapToRegistry   spec: 'latest',
12 silly mapToRegistry   type: 'tag' }
13 silly mapToRegistry uri https://registry.npmjs.org/angular
14 verbose request uri https://registry.npmjs.org/angular
15 verbose request no auth needed
16 info attempt registry request try #1 at 8:30:24 PM
17 verbose request id 30ae260fc03c625f
18 verbose etag W/"58f235c3-24b20"
19 verbose lastModified Sat, 15 Apr 2017 15:01:23 GMT
20 http request GET https://registry.npmjs.org/angular
21 http 304 https://registry.npmjs.org/angular
22 verbose headers { date: 'Tue, 18 Apr 2017 15:00:25 GMT',
22 verbose headers   via: '1.1 varnish',
22 verbose headers   'cache-control': 'max-age=300',
22 verbose headers   etag: 'W/"58f235c3-24b20"',
22 verbose headers   age: '124',
22 verbose headers   connection: 'keep-alive',
22 verbose headers   'x-served-by': 'cache-sin18023-SIN',
22 verbose headers   'x-cache': 'HIT',
22 verbose headers   'x-cache-hits': '1',
22 verbose headers   'x-timer': 'S1492527626.826132,VS0,VE1',
22 verbose headers   vary: 'Accept-Encoding' }
23 silly get cb [ 304,
23 silly get   { date: 'Tue, 18 Apr 2017 15:00:25 GMT',
23 silly get     via: '1.1 varnish',
23 silly get     'cache-control': 'max-age=300',
23 silly get     etag: 'W/"58f235c3-24b20"',
23 silly get     age: '124',
23 silly get     connection: 'keep-alive',
23 silly get     'x-served-by': 'cache-sin18023-SIN',
23 silly get     'x-cache': 'HIT',
23 silly get     'x-cache-hits': '1',
23 silly get     'x-timer': 'S1492527626.826132,VS0,VE1',
23 silly get     vary: 'Accept-Encoding' } ]
24 verbose etag https://registry.npmjs.org/angular from cache
25 verbose get saving angular to C:\Users\efijkoc\AppData\Roaming\npm-cache\registry.npmjs.org\angular\.cache.json
26 verbose correctMkdir C:\Users\efijkoc\AppData\Roaming\npm-cache correctMkdir not in flight; initializing
27 silly install normalizeTree
28 silly loadCurrentTree Finishing
29 silly loadIdealTree Starting
30 silly install loadIdealTree
31 silly cloneCurrentTree Starting
32 silly install cloneCurrentTreeToIdealTree
33 silly cloneCurrentTree Finishing
34 silly loadShrinkwrap Starting
35 silly install loadShrinkwrap
36 silly loadShrinkwrap Finishing
37 silly loadAllDepsIntoIdealTree Starting
38 silly install loadAllDepsIntoIdealTree
39 silly resolveWithNewModule angular@1.5.6 checking installable status
40 silly cache add args [ 'angular@1.5.6', null ]
41 verbose cache add spec angular@1.5.6
42 silly cache add parsed spec Result {
42 silly cache add   raw: 'angular@1.5.6',
42 silly cache add   scope: null,
42 silly cache add   escapedName: 'angular',
42 silly cache add   name: 'angular',
42 silly cache add   rawSpec: '1.5.6',
42 silly cache add   spec: '1.5.6',
42 silly cache add   type: 'version' }
43 silly addNamed angular@1.5.6
44 verbose addNamed "1.5.6" is a plain semver version for angular
45 silly mapToRegistry name angular
46 silly mapToRegistry using default registry
47 silly mapToRegistry registry https://registry.npmjs.org/
48 silly mapToRegistry data Result {
48 silly mapToRegistry   raw: 'angular',
48 silly mapToRegistry   scope: null,
48 silly mapToRegistry   escapedName: 'angular',
48 silly mapToRegistry   name: 'angular',
48 silly mapToRegistry   rawSpec: '',
48 silly mapToRegistry   spec: 'latest',
48 silly mapToRegistry   type: 'tag' }
49 silly mapToRegistry uri https://registry.npmjs.org/angular
50 verbose addNameVersion registry:https://registry.npmjs.org/angular not in flight; fetching
51 verbose get https://registry.npmjs.org/angular not expired, no request
52 silly cache afterAdd angular@1.5.6
53 verbose afterAdd C:\Users\efijkoc\AppData\Roaming\npm-cache\angular\1.5.6\package\package.json not in flight; writing
54 verbose correctMkdir C:\Users\efijkoc\AppData\Roaming\npm-cache correctMkdir not in flight; initializing
55 verbose afterAdd C:\Users\efijkoc\AppData\Roaming\npm-cache\angular\1.5.6\package\package.json written
56 silly loadAllDepsIntoIdealTree Finishing
57 silly loadIdealTree Finishing
58 silly currentTree mean-stack-hero@1.0.0
58 silly currentTree +-- accepts@1.3.3
58 silly currentTree +-- angular-jwt@0.0.9
58 silly currentTree +-- angular-route@1.6.4
58 silly currentTree +-- angular@1.6.4
58 silly currentTree +-- array-flatten@1.1.1
58 silly currentTree +-- async@2.1.4
58 silly currentTree +-- base64url@2.0.0
58 silly currentTree +-- bcrypt-nodejs@0.0.3
58 silly currentTree +-- bluebird@2.10.2
58 silly currentTree +-- body-parser@1.17.1
58 silly currentTree | `-- debug@2.6.1
58 silly currentTree +-- bson@1.0.4
58 silly currentTree +-- buffer-equal-constant-time@1.0.1
58 silly currentTree +-- buffer-shims@1.0.0
58 silly currentTree +-- bytes@2.4.0
58 silly currentTree +-- content-disposition@0.5.2
58 silly currentTree +-- content-type@1.0.2
58 silly currentTree +-- cookie-signature@1.0.6
58 silly currentTree +-- cookie@0.3.1
58 silly currentTree +-- core-util-is@1.0.2
58 silly currentTree +-- debug@2.2.0
58 silly currentTree | `-- ms@0.7.1
58 silly currentTree +-- depd@1.1.0
58 silly currentTree +-- destroy@1.0.4
58 silly currentTree +-- ecdsa-sig-formatter@1.0.9
58 silly currentTree +-- ee-first@1.1.1
58 silly currentTree +-- encodeurl@1.0.1
58 silly currentTree +-- es6-promise@3.2.1
58 silly currentTree +-- escape-html@1.0.3
58 silly currentTree +-- etag@1.8.0
58 silly currentTree +-- express@4.15.2
58 silly currentTree | `-- debug@2.6.1
58 silly currentTree +-- finalhandler@1.0.1
58 silly currentTree | `-- debug@2.6.3
58 silly currentTree +-- forwarded@0.1.0
58 silly currentTree +-- fresh@0.5.0
58 silly currentTree +-- hoek@2.16.3
58 silly currentTree +-- hooks-fixed@2.0.0
58 silly currentTree +-- http-errors@1.6.1
58 silly currentTree +-- iconv-lite@0.4.15
58 silly currentTree +-- inherits@2.0.3
58 silly currentTree +-- ipaddr.js@1.3.0
58 silly currentTree +-- isarray@1.0.0
58 silly currentTree +-- isemail@1.2.0
58 silly currentTree +-- joi@6.10.1
58 silly currentTree +-- jsonwebtoken@7.3.0
58 silly currentTree +-- jwa@1.1.5
58 silly currentTree +-- jws@3.1.4
58 silly currentTree +-- kareem@1.2.1
58 silly currentTree +-- lodash.once@4.1.1
58 silly currentTree +-- lodash@4.17.4
58 silly currentTree +-- media-typer@0.3.0
58 silly currentTree +-- merge-descriptors@1.0.1
58 silly currentTree +-- methods@1.1.2
58 silly currentTree +-- mime-db@1.27.0
58 silly currentTree +-- mime-types@2.1.15
58 silly currentTree +-- mime@1.3.4
58 silly currentTree +-- moment@2.18.1
58 silly currentTree +-- mongodb-core@2.1.9
58 silly currentTree +-- mongoose@4.9.4
58 silly currentTree | `-- mongodb@2.2.25
58 silly currentTree +-- mpath@0.2.1
58 silly currentTree +-- mpromise@0.5.5
58 silly currentTree +-- mquery@2.3.0
58 silly currentTree | `-- sliced@0.0.5
58 silly currentTree +-- ms@0.7.2
58 silly currentTree +-- muri@1.2.1
58 silly currentTree +-- negotiator@0.6.1
58 silly currentTree +-- on-finished@2.3.0
58 silly currentTree +-- parseurl@1.3.1
58 silly currentTree +-- path-to-regexp@0.1.7
58 silly currentTree +-- process-nextick-args@1.0.7
58 silly currentTree +-- proxy-addr@1.1.4
58 silly currentTree +-- qs@6.4.0
58 silly currentTree +-- range-parser@1.2.0
58 silly currentTree +-- raw-body@2.2.0
58 silly currentTree +-- readable-stream@2.1.5
58 silly currentTree +-- regexp-clone@0.0.1
58 silly currentTree +-- require_optional@1.0.0
58 silly currentTree +-- resolve-from@2.0.0
58 silly currentTree +-- safe-buffer@5.0.1
58 silly currentTree +-- semver@5.3.0
58 silly currentTree +-- send@0.15.1
58 silly currentTree | `-- debug@2.6.1
58 silly currentTree +-- serve-static@1.12.1
58 silly currentTree +-- setprototypeof@1.0.3
58 silly currentTree +-- sliced@1.0.1
58 silly currentTree +-- statuses@1.3.1
58 silly currentTree +-- string_decoder@0.10.31
58 silly currentTree +-- topo@1.1.0
58 silly currentTree +-- type-is@1.6.15
58 silly currentTree +-- unpipe@1.0.0
58 silly currentTree +-- util-deprecate@1.0.2
58 silly currentTree +-- utils-merge@1.0.0
58 silly currentTree +-- vary@1.1.1
58 silly currentTree `-- xtend@4.0.1
59 silly idealTree mean-stack-hero@1.0.0
59 silly idealTree +-- accepts@1.3.3
59 silly idealTree +-- angular-jwt@0.0.9
59 silly idealTree +-- angular-route@1.6.4
59 silly idealTree +-- angular@1.5.6
59 silly idealTree +-- array-flatten@1.1.1
59 silly idealTree +-- async@2.1.4
59 silly idealTree +-- base64url@2.0.0
59 silly idealTree +-- bcrypt-nodejs@0.0.3
59 silly idealTree +-- bluebird@2.10.2
59 silly idealTree +-- body-parser@1.17.1
59 silly idealTree | `-- debug@2.6.1
59 silly idealTree +-- bson@1.0.4
59 silly idealTree +-- buffer-equal-constant-time@1.0.1
59 silly idealTree +-- buffer-shims@1.0.0
59 silly idealTree +-- bytes@2.4.0
59 silly idealTree +-- content-disposition@0.5.2
59 silly idealTree +-- content-type@1.0.2
59 silly idealTree +-- cookie-signature@1.0.6
59 silly idealTree +-- cookie@0.3.1
59 silly idealTree +-- core-util-is@1.0.2
59 silly idealTree +-- debug@2.2.0
59 silly idealTree | `-- ms@0.7.1
59 silly idealTree +-- depd@1.1.0
59 silly idealTree +-- destroy@1.0.4
59 silly idealTree +-- ecdsa-sig-formatter@1.0.9
59 silly idealTree +-- ee-first@1.1.1
59 silly idealTree +-- encodeurl@1.0.1
59 silly idealTree +-- es6-promise@3.2.1
59 silly idealTree +-- escape-html@1.0.3
59 silly idealTree +-- etag@1.8.0
59 silly idealTree +-- express@4.15.2
59 silly idealTree | `-- debug@2.6.1
59 silly idealTree +-- finalhandler@1.0.1
59 silly idealTree | `-- debug@2.6.3
59 silly idealTree +-- forwarded@0.1.0
59 silly idealTree +-- fresh@0.5.0
59 silly idealTree +-- hoek@2.16.3
59 silly idealTree +-- hooks-fixed@2.0.0
59 silly idealTree +-- http-errors@1.6.1
59 silly idealTree +-- iconv-lite@0.4.15
59 silly idealTree +-- inherits@2.0.3
59 silly idealTree +-- ipaddr.js@1.3.0
59 silly idealTree +-- isarray@1.0.0
59 silly idealTree +-- isemail@1.2.0
59 silly idealTree +-- joi@6.10.1
59 silly idealTree +-- jsonwebtoken@7.3.0
59 silly idealTree +-- jwa@1.1.5
59 silly idealTree +-- jws@3.1.4
59 silly idealTree +-- kareem@1.2.1
59 silly idealTree +-- lodash.once@4.1.1
59 silly idealTree +-- lodash@4.17.4
59 silly idealTree +-- media-typer@0.3.0
59 silly idealTree +-- merge-descriptors@1.0.1
59 silly idealTree +-- methods@1.1.2
59 silly idealTree +-- mime-db@1.27.0
59 silly idealTree +-- mime-types@2.1.15
59 silly idealTree +-- mime@1.3.4
59 silly idealTree +-- moment@2.18.1
59 silly idealTree +-- mongodb-core@2.1.9
59 silly idealTree +-- mongoose@4.9.4
59 silly idealTree | `-- mongodb@2.2.25
59 silly idealTree +-- mpath@0.2.1
59 silly idealTree +-- mpromise@0.5.5
59 silly idealTree +-- mquery@2.3.0
59 silly idealTree | `-- sliced@0.0.5
59 silly idealTree +-- ms@0.7.2
59 silly idealTree +-- muri@1.2.1
59 silly idealTree +-- negotiator@0.6.1
59 silly idealTree +-- on-finished@2.3.0
59 silly idealTree +-- parseurl@1.3.1
59 silly idealTree +-- path-to-regexp@0.1.7
59 silly idealTree +-- process-nextick-args@1.0.7
59 silly idealTree +-- proxy-addr@1.1.4
59 silly idealTree +-- qs@6.4.0
59 silly idealTree +-- range-parser@1.2.0
59 silly idealTree +-- raw-body@2.2.0
59 silly idealTree +-- readable-stream@2.1.5
59 silly idealTree +-- regexp-clone@0.0.1
59 silly idealTree +-- require_optional@1.0.0
59 silly idealTree +-- resolve-from@2.0.0
59 silly idealTree +-- safe-buffer@5.0.1
59 silly idealTree +-- semver@5.3.0
59 silly idealTree +-- send@0.15.1
59 silly idealTree | `-- debug@2.6.1
59 silly idealTree +-- serve-static@1.12.1
59 silly idealTree +-- setprototypeof@1.0.3
59 silly idealTree +-- sliced@1.0.1
59 silly idealTree +-- statuses@1.3.1
59 silly idealTree +-- string_decoder@0.10.31
59 silly idealTree +-- topo@1.1.0
59 silly idealTree +-- type-is@1.6.15
59 silly idealTree +-- unpipe@1.0.0
59 silly idealTree +-- util-deprecate@1.0.2
59 silly idealTree +-- utils-merge@1.0.0
59 silly idealTree +-- vary@1.1.1
59 silly idealTree `-- xtend@4.0.1
60 silly generateActionsToTake Starting
61 silly install generateActionsToTake
62 warn checkPermissions Missing write access to C:\Projects\mean-stack-login\node_modules\angular
63 silly rollbackFailedOptional Starting
64 silly rollbackFailedOptional Finishing
65 silly runTopLevelLifecycles Finishing
66 silly install printInstalled
67 verbose stack Error: ENOENT: no such file or directory, access 'C:\Projects\mean-stack-login\node_modules\angular'
67 verbose stack     at Error (native)
68 verbose cwd C:\Projects\mean-stack-login
69 error Windows_NT 6.1.7601
70 error argv "C:\\Program Files\\nodejs\\node.exe" "C:\\Program Files\\nodejs\\node_modules\\npm\\bin\\npm-cli.js" "install" "angular@1.5.6"
71 error node v6.9.2
72 error npm  v3.10.9
73 error path C:\Projects\mean-stack-login\node_modules\angular
74 error code ENOENT
75 error errno -4058
76 error syscall access
77 error enoent ENOENT: no such file or directory, access 'C:\Projects\mean-stack-login\node_modules\angular'
78 error enoent ENOENT: no such file or directory, access 'C:\Projects\mean-stack-login\node_modules\angular'
78 error enoent This is most likely not a problem with npm itself
78 error enoent and is related to npm not being able to find a file.
79 verbose exit [ -4058, true ]
